#
# There is insufficient memory for the Java Runtime Environment to continue.
# Native memory allocation (malloc) failed to allocate 1110096 bytes for Chunk::new
# Possible reasons:
#   The system is out of physical RAM or swap space
#   The process is running with CompressedOops enabled, and the Java Heap may be blocking the growth of the native heap
# Possible solutions:
#   Reduce memory load on the system
#   Increase physical memory or swap space
#   Check if swap backing store is full
#   Decrease Java heap size (-Xmx/-Xms)
#   Decrease number of Java threads
#   Decrease Java thread stack sizes (-Xss)
#   Set larger code cache with -XX:ReservedCodeCacheSize=
#   JVM is running with Unscaled Compressed Oops mode in which the Java heap is
#     placed in the first 4GB address space. The Java Heap base address is the
#     maximum limit for the native heap growth. Please use -XX:HeapBaseMinAddress
#     to set the Java Heap base and to place the Java Heap above 4GB virtual address.
# This output file may be truncated or incomplete.
#
#  Out of Memory Error (allocation.cpp:389), pid=4464, tid=0x00000000000013f4
#
# JRE version: OpenJDK Runtime Environment (8.0_242-b01) (build 1.8.0_242-release-1644-b01)
# Java VM: OpenJDK 64-Bit Server VM (25.242-b01 mixed mode windows-amd64 compressed oops)
# Failed to write core dump. Minidumps are not enabled by default on client versions of Windows
#

---------------  T H R E A D  ---------------

Current thread (0x0000000017274000):  JavaThread "C2 CompilerThread0" daemon [_thread_in_native, id=5108, stack(0x00000000188e0000,0x00000000189e0000)]

Stack: [0x00000000188e0000,0x00000000189e0000]
[error occurred during error reporting (printing stack bounds), id 0xc0000005]

Native frames: (J=compiled Java code, j=interpreted, Vv=VM code, C=native code)


Current CompileTask:
C2:   6628 4426       4       org.jetbrains.org.objectweb.asm.ClassReader::readElementValue (1237 bytes)


---------------  P R O C E S S  ---------------

Java Threads: ( => current thread )
  0x00000000172ce800 JavaThread "Service Thread" daemon [_thread_blocked, id=3608, stack(0x0000000018fe0000,0x00000000190e0000)]
  0x000000001728b000 JavaThread "C1 CompilerThread2" daemon [_thread_blocked, id=11092, stack(0x0000000018ae0000,0x0000000018be0000)]
  0x000000001727b000 JavaThread "C2 CompilerThread1" daemon [_thread_in_native, id=9184, stack(0x00000000189e0000,0x0000000018ae0000)]
=>0x0000000017274000 JavaThread "C2 CompilerThread0" daemon [_thread_in_native, id=5108, stack(0x00000000188e0000,0x00000000189e0000)]
  0x0000000017271800 JavaThread "Attach Listener" daemon [_thread_blocked, id=8456, stack(0x00000000187e0000,0x00000000188e0000)]
  0x0000000017278000 JavaThread "Signal Dispatcher" daemon [_thread_blocked, id=5720, stack(0x00000000186e0000,0x00000000187e0000)]
  0x000000000288c800 JavaThread "Finalizer" daemon [_thread_blocked, id=11188, stack(0x00000000184e0000,0x00000000185e0000)]
  0x0000000017259800 JavaThread "Reference Handler" daemon [_thread_blocked, id=8364, stack(0x00000000183e0000,0x00000000184e0000)]
  0x000000000291e800 JavaThread "main" [_thread_in_Java, id=576, stack(0x0000000002640000,0x0000000002740000)]

Other Threads:
  0x0000000017236000 VMThread [stack: 0x00000000182e0000,0x00000000183e0000] [id=6672]
  0x0000000018c18800 WatcherThread [stack: 0x00000000190e0000,0x00000000191e0000] [id=1492]

VM state:not at safepoint (normal execution)

VM Mutex/Monitor currently owned by a thread: None

heap address: 0x0000000084e00000, size: 1970 MB, Compressed Oops mode: 32-bit
Narrow klass base: 0x0000000000000000, Narrow klass shift: 3
Compressed class space size: 1073741824 Address: 0x0000000100000000

Heap:
 PSYoungGen      total 83968K, used 35829K [0x00000000d6f80000, 0x00000000dee00000, 0x0000000100000000)
  eden space 68608K, 32% used [0x00000000d6f80000,0x00000000d85079a0,0x00000000db280000)
  from space 15360K, 89% used [0x00000000db280000,0x00000000dbff5ca8,0x00000000dc180000)
  to   space 16896K, 0% used [0x00000000ddd80000,0x00000000ddd80000,0x00000000dee00000)
 ParOldGen       total 66048K, used 17052K [0x0000000084e00000, 0x0000000088e80000, 0x00000000d6f80000)
  object space 66048K, 25% used [0x0000000084e00000,0x0000000085ea7078,0x0000000088e80000)
 Metaspace       used 41033K, capacity 41678K, committed 42152K, reserved 1085440K
  class space    used 5009K, capacity 5201K, committed 5296K, reserved 1048576K

Card table byte_map: [0x0000000011ce0000,0x00000000120c0000] byte_map_base: 0x00000000118b9000

Marking Bits: (ParMarkBitMap*) 0x0000000064a4f030
 Begin Bits: [0x0000000012760000, 0x0000000014628000)
 End Bits:   [0x0000000014628000, 0x00000000164f0000)

Polling page: 0x0000000000a70000

CodeCache: size=245760Kb used=15281Kb max_used=15281Kb free=230478Kb
 bounds [0x0000000002920000, 0x0000000003820000, 0x0000000011920000]
 total_blobs=4863 nmethods=4399 adapters=377
 compilation: enabled

Compilation events (10 events):
Event: 6.428 Thread 0x000000001728b000 4469       3       org.jetbrains.kotlin.descriptors.ScopesHolderForClass::getScopeForOwnerModule (17 bytes)
Event: 6.429 Thread 0x000000001728b000 nmethod 4469 0x0000000003809390 code [0x0000000003809600, 0x000000000380a3e8]
Event: 6.454 Thread 0x000000001728b000 4470       3       org.jetbrains.kotlin.load.java.lazy.ContextKt::computeNewDefaultTypeQualifiers (348 bytes)
Event: 6.458 Thread 0x000000001728b000 nmethod 4470 0x000000000380ad50 code [0x000000000380b2a0, 0x000000000380ed78]
Event: 6.498 Thread 0x000000001728b000 4471       3       org.jetbrains.kotlin.load.java.descriptors.UtilKt::getParameterNameAnnotation (108 bytes)
Event: 6.500 Thread 0x000000001728b000 nmethod 4471 0x0000000003811890 code [0x0000000003811bc0, 0x00000000038132a8]
Event: 6.502 Thread 0x000000001728b000 4472       3       java.util.stream.MatchOps$1MatchSink::accept (44 bytes)
Event: 6.502 Thread 0x000000001728b000 nmethod 4472 0x0000000003813e10 code [0x0000000003813f80, 0x0000000003814268]
Event: 6.502 Thread 0x000000001728b000 4473       3       org.jetbrains.kotlin.resolve.jvm.kotlinSignature.SignaturesPropagationData$$Lambda$137/1002469873::test (8 bytes)
Event: 6.502 Thread 0x000000001728b000 nmethod 4473 0x0000000003814350 code [0x00000000038144c0, 0x0000000003814808]

GC Heap History (10 events):
Event: 2.840 GC heap before
{Heap before GC invocations=5 (full 1):
 PSYoungGen      total 36864K, used 31744K [0x00000000d6f80000, 0x00000000db780000, 0x0000000100000000)
  eden space 31744K, 100% used [0x00000000d6f80000,0x00000000d8e80000,0x00000000d8e80000)
  from space 5120K, 0% used [0x00000000d8e80000,0x00000000d8e80000,0x00000000d9380000)
  to   space 5120K, 0% used [0x00000000db280000,0x00000000db280000,0x00000000db780000)
 ParOldGen       total 66048K, used 9837K [0x0000000084e00000, 0x0000000088e80000, 0x00000000d6f80000)
  object space 66048K, 14% used [0x0000000084e00000,0x000000008579b6f8,0x0000000088e80000)
 Metaspace       used 24115K, capacity 24584K, committed 24880K, reserved 1071104K
  class space    used 2861K, capacity 2993K, committed 3120K, reserved 1048576K
Event: 2.858 GC heap after
Heap after GC invocations=5 (full 1):
 PSYoungGen      total 51712K, used 5110K [0x00000000d6f80000, 0x00000000db780000, 0x0000000100000000)
  eden space 46592K, 0% used [0x00000000d6f80000,0x00000000d6f80000,0x00000000d9d00000)
  from space 5120K, 99% used [0x00000000db280000,0x00000000db77d810,0x00000000db780000)
  to   space 5120K, 0% used [0x00000000dad80000,0x00000000dad80000,0x00000000db280000)
 ParOldGen       total 66048K, used 11781K [0x0000000084e00000, 0x0000000088e80000, 0x00000000d6f80000)
  object space 66048K, 17% used [0x0000000084e00000,0x0000000085981610,0x0000000088e80000)
 Metaspace       used 24115K, capacity 24584K, committed 24880K, reserved 1071104K
  class space    used 2861K, capacity 2993K, committed 3120K, reserved 1048576K
}
Event: 3.952 GC heap before
{Heap before GC invocations=6 (full 1):
 PSYoungGen      total 51712K, used 51702K [0x00000000d6f80000, 0x00000000db780000, 0x0000000100000000)
  eden space 46592K, 100% used [0x00000000d6f80000,0x00000000d9d00000,0x00000000d9d00000)
  from space 5120K, 99% used [0x00000000db280000,0x00000000db77d810,0x00000000db780000)
  to   space 5120K, 0% used [0x00000000dad80000,0x00000000dad80000,0x00000000db280000)
 ParOldGen       total 66048K, used 11781K [0x0000000084e00000, 0x0000000088e80000, 0x00000000d6f80000)
  object space 66048K, 17% used [0x0000000084e00000,0x0000000085981610,0x0000000088e80000)
 Metaspace       used 31667K, capacity 32116K, committed 32432K, reserved 1077248K
  class space    used 3995K, capacity 4153K, committed 4272K, reserved 1048576K
Event: 3.973 GC heap after
Heap after GC invocations=6 (full 1):
 PSYoungGen      total 68608K, used 5110K [0x00000000d6f80000, 0x00000000dd100000, 0x0000000100000000)
  eden space 63488K, 0% used [0x00000000d6f80000,0x00000000d6f80000,0x00000000dad80000)
  from space 5120K, 99% used [0x00000000dad80000,0x00000000db27d8e0,0x00000000db280000)
  to   space 15872K, 0% used [0x00000000dc180000,0x00000000dc180000,0x00000000dd100000)
 ParOldGen       total 66048K, used 22670K [0x0000000084e00000, 0x0000000088e80000, 0x00000000d6f80000)
  object space 66048K, 34% used [0x0000000084e00000,0x0000000086423b20,0x0000000088e80000)
 Metaspace       used 31667K, capacity 32116K, committed 32432K, reserved 1077248K
  class space    used 3995K, capacity 4153K, committed 4272K, reserved 1048576K
}
Event: 4.320 GC heap before
{Heap before GC invocations=7 (full 1):
 PSYoungGen      total 68608K, used 17753K [0x00000000d6f80000, 0x00000000dd100000, 0x0000000100000000)
  eden space 63488K, 19% used [0x00000000d6f80000,0x00000000d7bd8b78,0x00000000dad80000)
  from space 5120K, 99% used [0x00000000dad80000,0x00000000db27d8e0,0x00000000db280000)
  to   space 15872K, 0% used [0x00000000dc180000,0x00000000dc180000,0x00000000dd100000)
 ParOldGen       total 66048K, used 22670K [0x0000000084e00000, 0x0000000088e80000, 0x00000000d6f80000)
  object space 66048K, 34% used [0x0000000084e00000,0x0000000086423b20,0x0000000088e80000)
 Metaspace       used 34639K, capacity 35162K, committed 35496K, reserved 1081344K
  class space    used 4365K, capacity 4519K, committed 4528K, reserved 1048576K
Event: 4.330 GC heap after
Heap after GC invocations=7 (full 1):
 PSYoungGen      total 84480K, used 8630K [0x00000000d6f80000, 0x00000000dea00000, 0x0000000100000000)
  eden space 68608K, 0% used [0x00000000d6f80000,0x00000000d6f80000,0x00000000db280000)
  from space 15872K, 54% used [0x00000000dc180000,0x00000000dc9edac0,0x00000000dd100000)
  to   space 15360K, 0% used [0x00000000db280000,0x00000000db280000,0x00000000dc180000)
 ParOldGen       total 66048K, used 22678K [0x0000000084e00000, 0x0000000088e80000, 0x00000000d6f80000)
  object space 66048K, 34% used [0x0000000084e00000,0x0000000086425b20,0x0000000088e80000)
 Metaspace       used 34639K, capacity 35162K, committed 35496K, reserved 1081344K
  class space    used 4365K, capacity 4519K, committed 4528K, reserved 1048576K
}
Event: 4.330 GC heap before
{Heap before GC invocations=8 (full 2):
 PSYoungGen      total 84480K, used 8630K [0x00000000d6f80000, 0x00000000dea00000, 0x0000000100000000)
  eden space 68608K, 0% used [0x00000000d6f80000,0x00000000d6f80000,0x00000000db280000)
  from space 15872K, 54% used [0x00000000dc180000,0x00000000dc9edac0,0x00000000dd100000)
  to   space 15360K, 0% used [0x00000000db280000,0x00000000db280000,0x00000000dc180000)
 ParOldGen       total 66048K, used 22678K [0x0000000084e00000, 0x0000000088e80000, 0x00000000d6f80000)
  object space 66048K, 34% used [0x0000000084e00000,0x0000000086425b20,0x0000000088e80000)
 Metaspace       used 34639K, capacity 35162K, committed 35496K, reserved 1081344K
  class space    used 4365K, capacity 4519K, committed 4528K, reserved 1048576K
Event: 4.415 GC heap after
Heap after GC invocations=8 (full 2):
 PSYoungGen      total 84480K, used 0K [0x00000000d6f80000, 0x00000000dea00000, 0x0000000100000000)
  eden space 68608K, 0% used [0x00000000d6f80000,0x00000000d6f80000,0x00000000db280000)
  from space 15872K, 0% used [0x00000000dc180000,0x00000000dc180000,0x00000000dd100000)
  to   space 15360K, 0% used [0x00000000db280000,0x00000000db280000,0x00000000dc180000)
 ParOldGen       total 66048K, used 17044K [0x0000000084e00000, 0x0000000088e80000, 0x00000000d6f80000)
  object space 66048K, 25% used [0x0000000084e00000,0x0000000085ea5078,0x0000000088e80000)
 Metaspace       used 34639K, capacity 35162K, committed 35496K, reserved 1081344K
  class space    used 4365K, capacity 4519K, committed 4528K, reserved 1048576K
}
Event: 5.628 GC heap before
{Heap before GC invocations=9 (full 2):
 PSYoungGen      total 84480K, used 68608K [0x00000000d6f80000, 0x00000000dea00000, 0x0000000100000000)
  eden space 68608K, 100% used [0x00000000d6f80000,0x00000000db280000,0x00000000db280000)
  from space 15872K, 0% used [0x00000000dc180000,0x00000000dc180000,0x00000000dd100000)
  to   space 15360K, 0% used [0x00000000db280000,0x00000000db280000,0x00000000dc180000)
 ParOldGen       total 66048K, used 17044K [0x0000000084e00000, 0x0000000088e80000, 0x00000000d6f80000)
  object space 66048K, 25% used [0x0000000084e00000,0x0000000085ea5078,0x0000000088e80000)
 Metaspace       used 39779K, capacity 40366K, committed 40744K, reserved 1085440K
  class space    used 4953K, capacity 5129K, committed 5168K, reserved 1048576K
Event: 5.647 GC heap after
Heap after GC invocations=9 (full 2):
 PSYoungGen      total 83968K, used 13783K [0x00000000d6f80000, 0x00000000dee00000, 0x0000000100000000)
  eden space 68608K, 0% used [0x00000000d6f80000,0x00000000d6f80000,0x00000000db280000)
  from space 15360K, 89% used [0x00000000db280000,0x00000000dbff5ca8,0x00000000dc180000)
  to   space 16896K, 0% used [0x00000000ddd80000,0x00000000ddd80000,0x00000000dee00000)
 ParOldGen       total 66048K, used 17052K [0x0000000084e00000, 0x0000000088e80000, 0x00000000d6f80000)
  object space 66048K, 25% used [0x0000000084e00000,0x0000000085ea7078,0x0000000088e80000)
 Metaspace       used 39779K, capacity 40366K, committed 40744K, reserved 1085440K
  class space    used 4953K, capacity 5129K, committed 5168K, reserved 1048576K
}

Deoptimization events (10 events):
Event: 4.593 Thread 0x000000000291e800 Uncommon trap: reason=class_check action=maybe_recompile pc=0x0000000002fe78d4 method=org.jetbrains.kotlin.protobuf.CodedInputStream.tryRefillBuffer(I)Z @ 177
Event: 4.637 Thread 0x000000000291e800 Uncommon trap: reason=class_check action=maybe_recompile pc=0x000000000317ff0c method=org.jetbrains.kotlin.com.intellij.openapi.util.text.StringUtilRt.equal(Ljava/lang/CharSequence;Ljava/lang/CharSequence;Z)Z @ 42
Event: 4.740 Thread 0x000000000291e800 Uncommon trap: reason=class_check action=maybe_recompile pc=0x000000000317ff0c method=org.jetbrains.kotlin.com.intellij.openapi.util.text.StringUtilRt.equal(Ljava/lang/CharSequence;Ljava/lang/CharSequence;Z)Z @ 42
Event: 4.742 Thread 0x000000000291e800 Uncommon trap: reason=class_check action=maybe_recompile pc=0x000000000317ff0c method=org.jetbrains.kotlin.com.intellij.openapi.util.text.StringUtilRt.equal(Ljava/lang/CharSequence;Ljava/lang/CharSequence;Z)Z @ 42
Event: 4.754 Thread 0x000000000291e800 Uncommon trap: reason=class_check action=maybe_recompile pc=0x000000000317ff0c method=org.jetbrains.kotlin.com.intellij.openapi.util.text.StringUtilRt.equal(Ljava/lang/CharSequence;Ljava/lang/CharSequence;Z)Z @ 42
Event: 5.333 Thread 0x000000000291e800 Uncommon trap: reason=unstable_if action=reinterpret pc=0x0000000003222548 method=gnu.trove.TObjectHash.insertionIndex(Ljava/lang/Object;)I @ 65
Event: 5.346 Thread 0x000000000291e800 Uncommon trap: reason=unstable_if action=reinterpret pc=0x00000000031577b8 method=gnu.trove.TObjectHash.insertionIndex(Ljava/lang/Object;)I @ 65
Event: 5.372 Thread 0x000000000291e800 Uncommon trap: reason=predicate action=maybe_recompile pc=0x000000000310a190 method=org.jetbrains.kotlin.com.intellij.util.text.CharArrayUtil.getChars(Ljava/lang/CharSequence;[CIII)V @ 210
Event: 5.497 Thread 0x000000000291e800 Uncommon trap: reason=predicate action=maybe_recompile pc=0x000000000326b584 method=java.util.regex.Pattern$Start.match(Ljava/util/regex/Matcher;ILjava/lang/CharSequence;)Z @ 37
Event: 5.497 Thread 0x000000000291e800 Uncommon trap: reason=unstable_if action=reinterpret pc=0x00000000030fd868 method=java.lang.AbstractStringBuilder.append(Ljava/lang/CharSequence;)Ljava/lang/AbstractStringBuilder; @ 29

Classes redefined (0 events):
No events

Internal exceptions (10 events):
Event: 1.928 Thread 0x000000000291e800 Exception <a 'java/lang/NoSuchMethodError': java.lang.Object.lambda$static$0(I)[Lorg/jetbrains/kotlin/com/intellij/openapi/editor/event/DocumentListener;> (0x00000000d7dd3f88) thrown at [C:\src\AOSP-openjdk-git\hotspot\src\share\vm\interpreter\linkResolve
Event: 1.969 Thread 0x000000000291e800 Exception <a 'java/lang/NoSuchMethodError': java.lang.Object.lambda$static$0(I)[Lorg/jetbrains/kotlin/com/intellij/psi/PsiAnnotation;> (0x00000000d7fef948) thrown at [C:\src\AOSP-openjdk-git\hotspot\src\share\vm\interpreter\linkResolver.cpp, line 620]
Event: 2.057 Thread 0x000000000291e800 Exception <a 'java/lang/NoSuchMethodError': java.lang.Object.lambda$static$0(I)[Lorg/jetbrains/kotlin/com/intellij/psi/PsiElement;> (0x00000000d84d9d00) thrown at [C:\src\AOSP-openjdk-git\hotspot\src\share\vm\interpreter\linkResolver.cpp, line 620]
Event: 3.228 Thread 0x000000000291e800 Exception <a 'java/lang/ArrayIndexOutOfBoundsException': 126> (0x00000000d7fd3bd8) thrown at [C:\src\AOSP-openjdk-git\hotspot\src\share\vm\interpreter\interpreterRuntime.cpp, line 368]
Event: 3.229 Thread 0x000000000291e800 Exception <a 'java/lang/ArrayIndexOutOfBoundsException': 86> (0x00000000d7fd5060) thrown at [C:\src\AOSP-openjdk-git\hotspot\src\share\vm\interpreter\interpreterRuntime.cpp, line 368]
Event: 4.151 Thread 0x000000000291e800 Implicit null exception at 0x0000000003030378 to 0x00000000030305b5
Event: 4.228 Thread 0x000000000291e800 Exception <a 'java/lang/NoSuchMethodError': java.lang.Object.lambda$static$0(I)[Lorg/jetbrains/kotlin/psi/KtExpression;> (0x00000000d78cea40) thrown at [C:\src\AOSP-openjdk-git\hotspot\src\share\vm\interpreter\linkResolver.cpp, line 620]
Event: 4.966 Thread 0x000000000291e800 Exception <a 'java/lang/NoSuchMethodError': java.lang.Object.lambda$static$0(I)[Lorg/jetbrains/kotlin/psi/KtTypeElement;> (0x00000000d8939220) thrown at [C:\src\AOSP-openjdk-git\hotspot\src\share\vm\interpreter\linkResolver.cpp, line 620]
Event: 5.316 Thread 0x000000000291e800 Exception <a 'java/lang/NoSuchMethodError': java.lang.Object.lambda$static$0(I)[Lorg/jetbrains/kotlin/psi/KtDeclaration;> (0x00000000da88d210) thrown at [C:\src\AOSP-openjdk-git\hotspot\src\share\vm\interpreter\linkResolver.cpp, line 620]
Event: 5.507 Thread 0x000000000291e800 Exception <a 'java/lang/NoSuchMethodError': java.lang.Object.lambda$static$0(I)[Lorg/jetbrains/kotlin/com/intellij/psi/PsiClass;> (0x00000000daf0c0c8) thrown at [C:\src\AOSP-openjdk-git\hotspot\src\share\vm\interpreter\linkResolver.cpp, line 620]

Events (10 events):
Event: 6.395 loading class org/jetbrains/kotlin/descriptors/ValueParameterDescriptor
Event: 6.395 loading class org/jetbrains/kotlin/descriptors/ValueParameterDescriptor done
Event: 6.397 loading class org/jetbrains/kotlin/resolve/jvm/kotlinSignature/SignaturesPropagationData$VarargCheckResult
Event: 6.397 loading class org/jetbrains/kotlin/resolve/jvm/kotlinSignature/SignaturesPropagationData$VarargCheckResult done
Event: 6.398 loading class org/jetbrains/kotlin/descriptors/FunctionDescriptor
Event: 6.398 loading class org/jetbrains/kotlin/descriptors/FunctionDescriptor done
Event: 6.398 loading class kotlin/jvm/functions/Function1
Event: 6.398 loading class kotlin/jvm/functions/Function1 done
Event: 6.423 loading class org/jetbrains/kotlin/load/java/lazy/types/JavaTypeResolver$argumentsMakeSenseOnlyForMutableContainer$1
Event: 6.423 loading class org/jetbrains/kotlin/load/java/lazy/types/JavaTypeResolver$argumentsMakeSenseOnlyForMutableContainer$1 done


Dynamic libraries:
0x00007ff70a870000 - 0x00007ff70a8a1000 	C:\Program Files\Android\Android Studio1\jre\jre\bin\java.exe
0x00007ffbda690000 - 0x00007ffbda886000 	C:\WINDOWS\SYSTEM32\ntdll.dll
0x00007ffbd9d00000 - 0x00007ffbd9dbd000 	C:\WINDOWS\System32\KERNEL32.DLL
0x00007ffbd8050000 - 0x00007ffbd8318000 	C:\WINDOWS\System32\KERNELBASE.dll
0x00007ffbd9700000 - 0x00007ffbd97ac000 	C:\WINDOWS\System32\ADVAPI32.dll
0x00007ffbda460000 - 0x00007ffbda4fe000 	C:\WINDOWS\System32\msvcrt.dll
0x00007ffbd9c60000 - 0x00007ffbd9cfb000 	C:\WINDOWS\System32\sechost.dll
0x00007ffbd9dc0000 - 0x00007ffbd9ee4000 	C:\WINDOWS\System32\RPCRT4.dll
0x00007ffbd9910000 - 0x00007ffbd9ab0000 	C:\WINDOWS\System32\USER32.dll
0x00007ffbd8380000 - 0x00007ffbd83a2000 	C:\WINDOWS\System32\win32u.dll
0x00007ffbd8960000 - 0x00007ffbd898a000 	C:\WINDOWS\System32\GDI32.dll
0x00007ffbd8430000 - 0x00007ffbd8539000 	C:\WINDOWS\System32\gdi32full.dll
0x00007ffbd7fb0000 - 0x00007ffbd804d000 	C:\WINDOWS\System32\msvcp_win.dll
0x00007ffbd7e80000 - 0x00007ffbd7f80000 	C:\WINDOWS\System32\ucrtbase.dll
0x00007ffbd71c0000 - 0x00007ffbd745b000 	C:\WINDOWS\WinSxS\amd64_microsoft.windows.common-controls_6595b64144ccf1df_6.0.19041.488_none_ca04af081b815d21\COMCTL32.dll
0x00007ffbd86f0000 - 0x00007ffbd8720000 	C:\WINDOWS\System32\IMM32.DLL
0x00000000641a0000 - 0x0000000064272000 	C:\Program Files\Android\Android Studio1\jre\jre\bin\msvcr100.dll
0x0000000064280000 - 0x0000000064acb000 	C:\Program Files\Android\Android Studio1\jre\jre\bin\server\jvm.dll
0x00007ffbd9f50000 - 0x00007ffbd9f58000 	C:\WINDOWS\System32\PSAPI.DLL
0x00007ffbd4bd0000 - 0x00007ffbd4bda000 	C:\WINDOWS\SYSTEM32\VERSION.dll
0x00007ffbd0290000 - 0x00007ffbd02b7000 	C:\WINDOWS\SYSTEM32\WINMM.dll
0x00007ffbc33c0000 - 0x00007ffbc33c9000 	C:\WINDOWS\SYSTEM32\WSOCK32.dll
0x00007ffbd8990000 - 0x00007ffbd89fb000 	C:\WINDOWS\System32\WS2_32.dll
0x00007ffbd5ff0000 - 0x00007ffbd5fff000 	C:\Program Files\Android\Android Studio1\jre\jre\bin\verify.dll
0x00007ffbd2be0000 - 0x00007ffbd2c09000 	C:\Program Files\Android\Android Studio1\jre\jre\bin\java.dll
0x00007ffbd2520000 - 0x00007ffbd2536000 	C:\Program Files\Android\Android Studio1\jre\jre\bin\zip.dll
0x00007ffbd8ae0000 - 0x00007ffbd9221000 	C:\WINDOWS\System32\SHELL32.dll
0x00007ffbd5150000 - 0x00007ffbd58e5000 	C:\WINDOWS\SYSTEM32\windows.storage.dll
0x00007ffbda050000 - 0x00007ffbda3a5000 	C:\WINDOWS\System32\combase.dll
0x00007ffbd7150000 - 0x00007ffbd717c000 	C:\WINDOWS\SYSTEM32\Wldp.dll
0x00007ffbd8720000 - 0x00007ffbd87ce000 	C:\WINDOWS\System32\SHCORE.dll
0x00007ffbd9ef0000 - 0x00007ffbd9f45000 	C:\WINDOWS\System32\shlwapi.dll
0x00007ffbd7d00000 - 0x00007ffbd7d26000 	C:\WINDOWS\SYSTEM32\profapi.dll
0x00007ffbd2140000 - 0x00007ffbd215a000 	C:\Program Files\Android\Android Studio1\jre\jre\bin\net.dll
0x00007ffbd6ff0000 - 0x00007ffbd705a000 	C:\WINDOWS\system32\mswsock.dll
0x00007ffbd2120000 - 0x00007ffbd2133000 	C:\Program Files\Android\Android Studio1\jre\jre\bin\nio.dll

VM Arguments:
java_command: org.jetbrains.kotlin.cli.jvm.K2JVMCompiler @D:\Notes\app\build\20201126_2199234810875334732.compiler.options
java_class_path (initial): C:\Users\Sir\.gradle\caches\modules-2\files-2.1\org.jetbrains.kotlin\kotlin-compiler-embeddable\1.4.10\38c4b99d5d5362debdd9302a866730379aa2328a\kotlin-compiler-embeddable-1.4.10.jar;C:\Users\Sir\.gradle\caches\modules-2\files-2.1\org.jetbrains.kotlin\kotlin-reflect\1.4.10\e2b3c6695eee6085e606d96d685396dce23a3a06\kotlin-reflect-1.4.10.jar;C:\Users\Sir\.gradle\caches\modules-2\files-2.1\org.jetbrains.kotlin\kotlin-stdlib\1.4.10\ea29e063d2bbe695be13e9d044dcfb0c7add398e\kotlin-stdlib-1.4.10.jar;C:\Users\Sir\.gradle\caches\modules-2\files-2.1\org.jetbrains.kotlin\kotlin-script-runtime\1.4.10\7c19d9c2001e016cd7664cebe9eea66fc04a7f4f\kotlin-script-runtime-1.4.10.jar;C:\Users\Sir\.gradle\caches\modules-2\files-2.1\org.jetbrains.kotlin\kotlin-daemon-embeddable\1.4.10\dbd67f42bed28043d17d7c860b06110a00a45970\kotlin-daemon-embeddable-1.4.10.jar;C:\Users\Sir\.gradle\caches\modules-2\files-2.1\org.jetbrains.intellij.deps\trove4j\1.0.20181211\216c2e14b070f334479d800987affe4054cd563f\trove4j-1.0.20181211.jar;C:\Users\Sir\.gradle\caches\modules-2\files-2.1\org.jetbrains.kotlin\kotlin-stdlib-common\1.4.10\6229be3465805c99db1142ad75e6c6ddeac0b04c\kotlin-stdlib-common-1.4.10.jar;C:\Users\Sir\.gradle\caches\modules-2\files-2.1\org.jetbrains\annotations\13.0\919f0dfe192fb4e063e7dacadee7f8bb9a2672a9\annotations-13.0.jar;C:\Program Files\Android\Android Studio1\jre\lib\tools.jar
Launcher Type: SUN_STANDARD

Environment Variables:
PATH=C:\Program Files (x86)\Common Files\Intel\Shared Libraries\redist\intel64\compiler;C:\Python3.7\Scripts\;C:\Python3.7\;C:\WINDOWS\system32;C:\WINDOWS;C:\WINDOWS\System32\Wbem;C:\WINDOWS\System32\WindowsPowerShell\v1.0\;C:\WINDOWS\System32\OpenSSH\;C:\Python3.7;C:\Program Files\RedHat\java-1.8.0-openjdk-1.8.0.242-3\bin;C:\Program Files\RedHat\java-1.8.0-openjdk-1.8.0.242-3\jre\bin;C:\Program Files (x86)\Git\cmd;D:\React\programfiles\;C:\Program Files (x86)\mingw-w64\i686-8.1.0-posix-dwarf-rt_v6-rev0\mingw32\bin;C:\Users\Sir\AppData\Local\Programs\Common\Microsoft VS Code\bin;C:\Program Files\RedHat\java-1.8.0-openjdk-1.8.0.242-3\bin;C:\Users\Sir\AppData\Local\Microsoft\WindowsApps;D:\React\programfiles\node_modules\npm;D:\sqlite;
USERNAME=Sir
OS=Windows_NT
PROCESSOR_IDENTIFIER=Intel64 Family 6 Model 69 Stepping 1, GenuineIntel



---------------  S Y S T E M  ---------------

OS: Windows 10.0 , 64 bit Build 19041 (10.0.19041.546)

CPU:total 4 (initial active 4) (2 cores per cpu, 2 threads per core) family 6 model 69 stepping 1, cmov, cx8, fxsr, mmx, sse, sse2, sse3, ssse3, sse4.1, sse4.2, popcnt, avx, avx2, aes, clmul, erms, lzcnt, ht, tsc, tscinvbit, bmi1, bmi2

Memory: 4k page, physical 8068764k(455868k free), swap 16830488k(5844k free)

vm_info: OpenJDK 64-Bit Server VM (25.242-b01) for windows-amd64 JRE (1.8.0_242-release-1644-b01), built by "builder" with MS VC++ 10.0 (VS2010)

time: Thu Nov 26 21:16:16 2020
timezone: India Standard Time
elapsed time: 6 seconds (0d 0h 0m 6s)

